<?xml version="1.0" encoding="UTF-8"?>
<!-- Generated by org.testng.reporters.JUnitXMLReporter -->
<testsuite ignored="0" hostname="likith" failures="0" tests="3" name="Default test" time="82.997" errors="0" timestamp="2024-06-22T17:18:45 IST">
  <testcase classname="debuging.CreateOrganization" name="CreateOrgWithphoneno" time="18.658"/>
  <testcase classname="debuging.CreateOrganization" name="createOrgtest" time="17.391"/>
  <testcase classname="debuging.CreateOrganization" name="createcontactwithindustry" time="19.114"/>
</testsuite> <!-- Default test -->
