<?xml version="1.0" encoding="UTF-8"?>
<testng-results ignored="0" total="3" passed="3" failed="0" skipped="0">
  <reporter-output>
  </reporter-output>
  <suite started-at="2024-06-27T10:41:44 IST" name="Default suite" finished-at="2024-06-27T10:41:44 IST" duration-ms="79">
    <groups>
    </groups>
    <test started-at="2024-06-27T10:41:44 IST" name="Default test" finished-at="2024-06-27T10:41:44 IST" duration-ms="79">
      <class name="data.Contact">
        <test-method signature="createcontacttest(java.lang.String,java.lang.String,long)[pri:0, instance:data.Contact@247bddad]" started-at="2024-06-27T10:41:44 IST" name="createcontacttest" data-provider="getData" finished-at="2024-06-27T10:41:44 IST" duration-ms="13" status="PASS">
          <params>
            <param index="0">
              <value>
                <![CDATA[deepak]]>
              </value>
            </param>
            <param index="1">
              <value>
                <![CDATA[hr]]>
              </value>
            </param>
            <param index="2">
              <value>
                <![CDATA[817927345]]>
              </value>
            </param>
          </params>
          <reporter-output>
          </reporter-output>
        </test-method> <!-- createcontacttest -->
        <test-method signature="createcontacttest(java.lang.String,java.lang.String,long)[pri:0, instance:data.Contact@247bddad]" started-at="2024-06-27T10:41:44 IST" name="createcontacttest" data-provider="getData" finished-at="2024-06-27T10:41:44 IST" duration-ms="2" status="PASS">
          <params>
            <param index="0">
              <value>
                <![CDATA[sam]]>
              </value>
            </param>
            <param index="1">
              <value>
                <![CDATA[sh]]>
              </value>
            </param>
            <param index="2">
              <value>
                <![CDATA[962865458]]>
              </value>
            </param>
          </params>
          <reporter-output>
          </reporter-output>
        </test-method> <!-- createcontacttest -->
        <test-method signature="createcontacttest(java.lang.String,java.lang.String,long)[pri:0, instance:data.Contact@247bddad]" started-at="2024-06-27T10:41:44 IST" name="createcontacttest" data-provider="getData" finished-at="2024-06-27T10:41:44 IST" duration-ms="1" status="PASS">
          <params>
            <param index="0">
              <value>
                <![CDATA[Jhon]]>
              </value>
            </param>
            <param index="1">
              <value>
                <![CDATA[smith]]>
              </value>
            </param>
            <param index="2">
              <value>
                <![CDATA[910646677]]>
              </value>
            </param>
          </params>
          <reporter-output>
          </reporter-output>
        </test-method> <!-- createcontacttest -->
      </class> <!-- data.Contact -->
    </test> <!-- Default test -->
  </suite> <!-- Default suite -->
</testng-results>
