<?xml version="1.0" encoding="UTF-8"?>
<!-- Generated by org.testng.reporters.JUnitXMLReporter -->
<testsuite ignored="0" hostname="likith" failures="0" tests="3" name="Default test" time="0.079" errors="0" timestamp="2024-06-27T10:41:44 IST">
  <testcase classname="data.Contact" name="createcontacttest" time="0.013"/>
  <testcase classname="data.Contact" name="createcontacttest" time="0.002"/>
  <testcase classname="data.Contact" name="createcontacttest" time="0.001"/>
</testsuite> <!-- Default test -->
