<?xml version="1.0" encoding="UTF-8"?>
<!-- Generated by org.testng.reporters.JUnitXMLReporter -->
<testsuite ignored="2" hostname="likith" failures="0" tests="6" name="Test1" time="243.907" errors="0" timestamp="2024-06-14T12:58:44 IST">
  <testcase classname="annotations.Createcontact" name="createContactWithsupportDateTest" time="21.894"/>
  <testcase classname="annotations.Createcontact" name="createcontacttest" time="39.738"/>
  <testcase classname="annotations.Createcontact" name="createcontactwithorgtest" time="46.393"/>
  <testcase classname="annotations.CreateOrganization" name="CreateOrgWithphoneno" time="22.091"/>
  <testcase classname="annotations.CreateOrganization" name="createOrgtest" time="20.824"/>
  <testcase classname="annotations.CreateOrganization" name="createcontactwithindustry" time="22.776"/>
  <testcase classname="com.crm.generic.baseutility.Baseclass" name="@AfterSuite configAs" time="0.0">
    <ignored/>
  </testcase> <!-- @AfterSuite configAs -->
  <testcase classname="com.crm.generic.baseutility.Baseclass" name="@BeforeSuite confibc" time="0.0">
    <ignored/>
  </testcase> <!-- @BeforeSuite confibc -->
</testsuite> <!-- Test1 -->
