<?xml version="1.0" encoding="UTF-8"?>
<!-- Generated by org.testng.reporters.JUnitXMLReporter -->
<testsuite ignored="2" hostname="likith" failures="0" tests="1" name="Test" time="29.38" errors="0" timestamp="2024-06-22T10:56:55 IST">
  <testcase classname="advancedreport.CreateOrganization" name="createOrgtest" time="17.893"/>
  <testcase classname="advancedreport.CreateOrganization" name="CreateOrgWithphoneno" time="0.0">
    <ignored/>
  </testcase> <!-- CreateOrgWithphoneno -->
  <testcase classname="advancedreport.CreateOrganization" name="createcontactwithindustry" time="0.0">
    <ignored/>
  </testcase> <!-- createcontactwithindustry -->
</testsuite> <!-- Test -->
