<?xml version="1.0" encoding="UTF-8"?>
<testng-results ignored="0" total="3" passed="3" failed="0" skipped="0">
  <reporter-output>
  </reporter-output>
  <suite started-at="2024-06-22T17:17:22 IST" name="Default suite" finished-at="2024-06-22T17:18:45 IST" duration-ms="82997">
    <groups>
    </groups>
    <test started-at="2024-06-22T17:17:22 IST" name="Default test" finished-at="2024-06-22T17:18:45 IST" duration-ms="82997">
      <class name="debuging.CreateOrganization">
        <test-method is-config="true" signature="confibc()[pri:0, instance:debuging.CreateOrganization@383dc82c]" started-at="2024-06-22T17:17:21 IST" name="confibc" finished-at="2024-06-22T17:17:22 IST" duration-ms="242" status="PASS">
          <reporter-output>
          </reporter-output>
        </test-method> <!-- confibc -->
        <test-method is-config="true" signature="configBc()[pri:0, instance:debuging.CreateOrganization@383dc82c]" started-at="2024-06-22T17:17:22 IST" name="configBc" finished-at="2024-06-22T17:17:24 IST" duration-ms="2802" status="PASS">
          <reporter-output>
          </reporter-output>
        </test-method> <!-- configBc -->
        <test-method is-config="true" signature="configBm()[pri:0, instance:debuging.CreateOrganization@383dc82c]" started-at="2024-06-22T17:17:24 IST" name="configBm" finished-at="2024-06-22T17:17:31 IST" duration-ms="6040" status="PASS">
          <reporter-output>
          </reporter-output>
        </test-method> <!-- configBm -->
        <test-method signature="CreateOrgWithphoneno()[pri:0, instance:debuging.CreateOrganization@383dc82c]" started-at="2024-06-22T17:17:31 IST" name="CreateOrgWithphoneno" finished-at="2024-06-22T17:17:49 IST" duration-ms="18658" status="PASS">
          <reporter-output>
          </reporter-output>
        </test-method> <!-- CreateOrgWithphoneno -->
        <test-method is-config="true" signature="configAm()[pri:0, instance:debuging.CreateOrganization@383dc82c]" started-at="2024-06-22T17:17:49 IST" name="configAm" finished-at="2024-06-22T17:17:51 IST" duration-ms="2243" status="PASS">
          <reporter-output>
          </reporter-output>
        </test-method> <!-- configAm -->
        <test-method is-config="true" signature="configBm()[pri:0, instance:debuging.CreateOrganization@383dc82c]" started-at="2024-06-22T17:17:51 IST" name="configBm" finished-at="2024-06-22T17:17:57 IST" duration-ms="5080" status="PASS">
          <reporter-output>
          </reporter-output>
        </test-method> <!-- configBm -->
        <test-method signature="createOrgtest()[pri:0, instance:debuging.CreateOrganization@383dc82c]" started-at="2024-06-22T17:17:57 IST" name="createOrgtest" finished-at="2024-06-22T17:18:14 IST" duration-ms="17391" status="PASS">
          <reporter-output>
          </reporter-output>
        </test-method> <!-- createOrgtest -->
        <test-method is-config="true" signature="configAm()[pri:0, instance:debuging.CreateOrganization@383dc82c]" started-at="2024-06-22T17:18:14 IST" name="configAm" finished-at="2024-06-22T17:18:17 IST" duration-ms="2660" status="PASS">
          <reporter-output>
          </reporter-output>
        </test-method> <!-- configAm -->
        <test-method is-config="true" signature="configBm()[pri:0, instance:debuging.CreateOrganization@383dc82c]" started-at="2024-06-22T17:18:17 IST" name="configBm" finished-at="2024-06-22T17:18:22 IST" duration-ms="5485" status="PASS">
          <reporter-output>
          </reporter-output>
        </test-method> <!-- configBm -->
        <test-method signature="createcontactwithindustry()[pri:0, instance:debuging.CreateOrganization@383dc82c]" started-at="2024-06-22T17:18:22 IST" name="createcontactwithindustry" finished-at="2024-06-22T17:18:41 IST" duration-ms="19114" status="PASS">
          <reporter-output>
          </reporter-output>
        </test-method> <!-- createcontactwithindustry -->
        <test-method is-config="true" signature="configAm()[pri:0, instance:debuging.CreateOrganization@383dc82c]" started-at="2024-06-22T17:18:41 IST" name="configAm" finished-at="2024-06-22T17:18:44 IST" duration-ms="2826" status="PASS">
          <reporter-output>
          </reporter-output>
        </test-method> <!-- configAm -->
        <test-method is-config="true" signature="configAc()[pri:0, instance:debuging.CreateOrganization@383dc82c]" started-at="2024-06-22T17:18:44 IST" name="configAc" finished-at="2024-06-22T17:18:45 IST" duration-ms="632" status="PASS">
          <reporter-output>
          </reporter-output>
        </test-method> <!-- configAc -->
        <test-method is-config="true" signature="configAs()[pri:0, instance:debuging.CreateOrganization@383dc82c]" started-at="2024-06-22T17:18:45 IST" name="configAs" finished-at="2024-06-22T17:18:45 IST" duration-ms="0" status="PASS">
          <reporter-output>
          </reporter-output>
        </test-method> <!-- configAs -->
      </class> <!-- debuging.CreateOrganization -->
    </test> <!-- Default test -->
  </suite> <!-- Default suite -->
</testng-results>
